<?xml version="1.0" encoding="UTF-8"?>
<!-- Generated by org.testng.reporters.JUnitXMLReporter -->
<testsuite hostname="Lahari" name="Training TestCase" tests="6" failures="0" timestamp="14 Aug 2016 02:31:59 GMT" time="1.12" errors="0">
  <testcase name="TC_01_loginpage" time="1.031" classname="com.Selenium.WeekClasses.TestNGExample1"/>
  <testcase name="TC_02_fillingRestration" time="0.008" classname="com.Selenium.WeekClasses.TestNGExample1"/>
  <testcase name="TC_03_logOut" time="0.002" classname="com.Selenium.WeekClasses.TestNGExample1"/>
  <testcase name="TC_04_inputrequestFromTestCase" time="0.002" classname="com.Selenium.WeekClasses.TestNGExample1"/>
  <testcase name="testA" time="0.002" classname="com.Selenium.WeekClasses.TestNGExample2"/>
  <testcase name="testB" time="0.005" classname="com.Selenium.WeekClasses.TestNGExample2"/>
</testsuite> <!-- Training TestCase -->
