<?xml version="1.0" encoding="UTF-8"?>
<!-- Generated by org.testng.reporters.JUnitXMLReporter -->
<testsuite hostname="Lahari" name="Training TestCase(failed)" tests="3" failures="0" timestamp="14 Aug 2016 02:32:00 GMT" time="1.028" errors="0">
  <testcase name="TC_01_loginpage" time="1.004" classname="com.Selenium.WeekClasses.TestNGExample1"/>
  <testcase name="TC_02_fillingRestration" time="0.002" classname="com.Selenium.WeekClasses.TestNGExample1"/>
  <testcase name="TC_04_inputrequestFromTestCase" time="0.004" classname="com.Selenium.WeekClasses.TestNGExample1"/>
</testsuite> <!-- Training TestCase(failed) -->
